<?xml version="1.0" encoding="UTF-8"?>
<testng-results ignored="0" total="2" passed="2" failed="0" skipped="0">
  <reporter-output>
  </reporter-output>
  <suite started-at="2025-05-15T16:59:17 IST" name="Default suite" finished-at="2025-05-15T16:59:56 IST" duration-ms="38621">
    <groups>
    </groups>
    <test started-at="2025-05-15T16:59:17 IST" name="Default test" finished-at="2025-05-15T16:59:56 IST" duration-ms="38621">
      <class name="com.BK.Myntra.TestCases.TestCase4">
        <test-method signature="step1()[pri:0, instance:com.BK.Myntra.TestCases.TestCase4@ca30bc1]" started-at="2025-05-15T16:59:17 IST" name="step1" finished-at="2025-05-15T16:59:46 IST" duration-ms="29073" status="PASS">
          <reporter-output>
          </reporter-output>
        </test-method> <!-- step1 -->
        <test-method signature="step2()[pri:1, instance:com.BK.Myntra.TestCases.TestCase4@ca30bc1]" started-at="2025-05-15T16:59:46 IST" name="step2" finished-at="2025-05-15T16:59:56 IST" duration-ms="9412" status="PASS">
          <reporter-output>
          </reporter-output>
        </test-method> <!-- step2 -->
      </class> <!-- com.BK.Myntra.TestCases.TestCase4 -->
    </test> <!-- Default test -->
  </suite> <!-- Default suite -->
</testng-results>
